<?xml version="1.0" encoding="UTF-8"?>
<!-- Generated by org.testng.reporters.JUnitReportReporter -->
<testsuite hostname="news-MacBook-Air.local" failures="0" tests="4" name="com.ta.login.testlogin" time="35.784" errors="0" timestamp="2020-10-22T08:38:41 PDT" skipped="0">
  <testcase classname="com.ta.login.testlogin" name="loginToWebsite" time="17.567"/>
  <system-out/>
  <testcase classname="com.ta.login.testlogin" name="ForgotPassword" time="8.363"/>
  <system-out/>
  <testcase classname="com.ta.login.testlogin" name="InvalidPassword" time="4.755"/>
  <system-out/>
  <testcase classname="com.ta.login.testlogin" name="InvalidEmail" time="5.099"/>
  <system-out/>
</testsuite> <!-- com.ta.login.testlogin -->
