<?xml version="1.0" encoding="UTF-8"?>
<!-- Generated by org.testng.reporters.JUnitReportReporter -->
<testsuite hostname="news-MacBook-Air.local" failures="0" tests="3" name="com.ta.testNGlistener.testNGtest" time="0.221" errors="0" timestamp="2020-10-19T22:48:18 PDT" skipped="0">
  <testcase classname="com.ta.testNGlistener.testNGtest" name="test3" time="0.133"/>
  <system-out/>
  <testcase classname="com.ta.testNGlistener.testNGtest" name="test1" time="0.083"/>
  <system-out/>
  <testcase classname="com.ta.testNGlistener.testNGtest" name="test2" time="0.005"/>
  <system-out/>
</testsuite> <!-- com.ta.testNGlistener.testNGtest -->
