<?xml version="1.0" encoding="UTF-8"?>
<!-- Generated by org.testng.reporters.JUnitReportReporter -->
<testsuite hostname="news-MacBook-Air.local" failures="0" tests="1" name="com.ta.login.login" time="46.271" errors="0" timestamp="2020-10-19T22:02:00 PDT" skipped="0">
  <testcase classname="com.ta.login.login" name="logingIntoBrowserTWithTestData" time="46.271"/>
  <system-out/>
</testsuite> <!-- com.ta.login.login -->
