<?xml version="1.0" encoding="UTF-8"?>
<!-- Generated by org.testng.reporters.JUnitReportReporter -->
<testsuite hostname="news-MacBook-Air.local" failures="0" tests="4" name="com.ta.login.testlogin" time="51.450" errors="0" timestamp="2020-10-19T23:12:15 PDT" skipped="0">
  <testcase classname="com.ta.login.testlogin" name="loginToWebsite" time="22.095"/>
  <system-out/>
  <testcase classname="com.ta.login.testlogin" name="ForgotPassword" time="13.486"/>
  <system-out/>
  <testcase classname="com.ta.login.testlogin" name="InvalidPassword" time="8.411"/>
  <system-out/>
  <testcase classname="com.ta.login.testlogin" name="InvalidEmail" time="7.458"/>
  <system-out/>
</testsuite> <!-- com.ta.login.testlogin -->
